#
# There is insufficient memory for the Java Runtime Environment to continue.
# Native memory allocation (malloc) failed to allocate 167952 bytes for Chunk::new
# Possible reasons:
#   The system is out of physical RAM or swap space
#   In 32 bit mode, the process size limit was hit
# Possible solutions:
#   Reduce memory load on the system
#   Increase physical memory or swap space
#   Check if swap backing store is full
#   Use 64 bit Java on a 64 bit OS
#   Decrease Java heap size (-Xmx/-Xms)
#   Decrease number of Java threads
#   Decrease Java thread stack sizes (-Xss)
#   Set larger code cache with -XX:ReservedCodeCacheSize=
# This output file may be truncated or incomplete.
#
#  Out of Memory Error (allocation.cpp:323), pid=5564, tid=5424
#
# JRE version: Java(TM) SE Runtime Environment (7.0_79-b15) (build 1.7.0_79-b15)
# Java VM: Java HotSpot(TM) 64-Bit Server VM (24.79-b02 mixed mode windows-amd64 compressed oops)
# Failed to write core dump. Minidumps are not enabled by default on client versions of Windows
#

---------------  T H R E A D  ---------------

Current thread (0x00000000086c6000):  JavaThread "C2 CompilerThread1" daemon [_thread_in_native, id=5424, stack(0x0000000009d40000,0x0000000009e40000)]

Stack: [0x0000000009d40000,0x0000000009e40000]
[error occurred during error reporting (printing stack bounds), id 0xc0000005]


Current CompileTask:
C2:   8461  390             com.android.dx.ssa.back.FirstFitLocalCombiningAllocator::handleNormalUnassociated (99 bytes)


---------------  P R O C E S S  ---------------

Java Threads: ( => current thread )
  0x000000000a2b0000 JavaThread "pool-1-thread-4" [_thread_in_Java, id=4976, stack(0x000000000a840000,0x000000000a940000)]
  0x000000000a2af800 JavaThread "pool-1-thread-3" [_thread_in_Java, id=8040, stack(0x000000000a740000,0x000000000a840000)]
  0x000000000a2ac800 JavaThread "pool-1-thread-2" [_thread_in_Java, id=112, stack(0x000000000a640000,0x000000000a740000)]
  0x000000000a187000 JavaThread "pool-2-thread-1" [_thread_blocked, id=7900, stack(0x000000000a540000,0x000000000a640000)]
  0x000000000a2a1000 JavaThread "pool-1-thread-1" [_thread_in_Java, id=6016, stack(0x000000000a440000,0x000000000a540000)]
  0x00000000086c9000 JavaThread "Service Thread" daemon [_thread_blocked, id=5168, stack(0x0000000009e40000,0x0000000009f40000)]
=>0x00000000086c6000 JavaThread "C2 CompilerThread1" daemon [_thread_in_native, id=5424, stack(0x0000000009d40000,0x0000000009e40000)]
  0x00000000086c3000 JavaThread "C2 CompilerThread0" daemon [_thread_in_native, id=2548, stack(0x0000000009c40000,0x0000000009d40000)]
  0x00000000086c2000 JavaThread "Attach Listener" daemon [_thread_blocked, id=5712, stack(0x0000000009b40000,0x0000000009c40000)]
  0x00000000086bf000 JavaThread "Signal Dispatcher" daemon [_thread_blocked, id=968, stack(0x0000000009a40000,0x0000000009b40000)]
  0x000000000868a000 JavaThread "Finalizer" daemon [_thread_blocked, id=6540, stack(0x0000000009940000,0x0000000009a40000)]
  0x0000000008686800 JavaThread "Reference Handler" daemon [_thread_blocked, id=5196, stack(0x0000000009840000,0x0000000009940000)]
  0x0000000002731000 JavaThread "main" [_thread_in_Java, id=1384, stack(0x0000000002620000,0x0000000002720000)]

Other Threads:
  0x0000000008681800 VMThread [stack: 0x0000000009740000,0x0000000009840000] [id=5660]
  0x00000000086cf000 WatcherThread [stack: 0x0000000009f40000,0x000000000a040000] [id=1624]

VM state:not at safepoint (normal execution)

VM Mutex/Monitor currently owned by a thread: None

Heap
 PSYoungGen      total 34304K, used 20947K [0x00000000eaa80000, 0x00000000ece80000, 0x0000000100000000)
  eden space 31744K, 57% used [0x00000000eaa80000,0x00000000ebc75580,0x00000000ec980000)
  from space 2560K, 99% used [0x00000000ec980000,0x00000000ecbff8c8,0x00000000ecc00000)
  to   space 2560K, 0% used [0x00000000ecc00000,0x00000000ecc00000,0x00000000ece80000)
 ParOldGen       total 41472K, used 13334K [0x00000000c0000000, 0x00000000c2880000, 0x00000000eaa80000)
  object space 41472K, 32% used [0x00000000c0000000,0x00000000c0d059f0,0x00000000c2880000)
 PSPermGen       total 21504K, used 5964K [0x00000000bae00000, 0x00000000bc300000, 0x00000000c0000000)
  object space 21504K, 27% used [0x00000000bae00000,0x00000000bb3d3338,0x00000000bc300000)

Card table byte_map: [0x00000000058f0000,0x0000000005b20000] byte_map_base: 0x0000000005319000

Polling page: 0x0000000002540000

Code Cache  [0x0000000002830000, 0x0000000002aa0000, 0x0000000005830000)
 total_blobs=621 nmethods=385 adapters=189 free_code_cache=47601Kb largest_free_block=48701568

Compilation events (10 events):
Event: 8.058 Thread 0x00000000086c6000 nmethod 385 0x00000000028f0c90 code [0x00000000028f0e20, 0x00000000028f1388]
Event: 8.058 Thread 0x00000000086c6000  386             java.util.Arrays::copyOfRange (63 bytes)
Event: 8.064 Thread 0x00000000086c6000 nmethod 386 0x00000000029a4990 code [0x00000000029a4ae0, 0x00000000029a4cd8]
Event: 8.064 Thread 0x00000000086c6000  387             com.android.dx.ssa.SsaBasicBlock::addDomChild (10 bytes)
Event: 8.074 Thread 0x00000000086c6000 nmethod 387 0x00000000028f2e90 code [0x00000000028f2fe0, 0x00000000028f32e8]
Event: 8.074 Thread 0x00000000086c6000  388             com.android.dx.ssa.SetFactory::makeDomFrontSet (26 bytes)
Event: 8.078 Thread 0x00000000086c6000 nmethod 388 0x00000000029a60d0 code [0x00000000029a6220, 0x00000000029a6398]
Event: 8.078 Thread 0x00000000086c6000  389             com.android.dx.ssa.DeadCodeRemover::isCircularNoSideEffect (140 bytes)
Event: 8.303 Thread 0x00000000086c6000 nmethod 389 0x00000000029b9950 code [0x00000000029b9ba0, 0x00000000029bb768]
Event: 8.304 Thread 0x00000000086c6000  390             com.android.dx.ssa.back.FirstFitLocalCombiningAllocator::handleNormalUnassociated (99 bytes)

GC Heap History (10 events):
Event: 2.548 GC heap before
{Heap before GC invocations=1 (full 0):
 PSYoungGen      total 18432K, used 15872K [0x00000000eaa80000, 0x00000000ebf00000, 0x0000000100000000)
  eden space 15872K, 100% used [0x00000000eaa80000,0x00000000eba00000,0x00000000eba00000)
  from space 2560K, 0% used [0x00000000ebc80000,0x00000000ebc80000,0x00000000ebf00000)
  to   space 2560K, 0% used [0x00000000eba00000,0x00000000eba00000,0x00000000ebc80000)
 ParOldGen       total 41472K, used 0K [0x00000000c0000000, 0x00000000c2880000, 0x00000000eaa80000)
  object space 41472K, 0% used [0x00000000c0000000,0x00000000c0000000,0x00000000c2880000)
 PSPermGen       total 21504K, used 4245K [0x00000000bae00000, 0x00000000bc300000, 0x00000000c0000000)
  object space 21504K, 19% used [0x00000000bae00000,0x00000000bb2255e0,0x00000000bc300000)
Event: 2.676 GC heap after
Heap after GC invocations=1 (full 0):
 PSYoungGen      total 18432K, used 1492K [0x00000000eaa80000, 0x00000000ebf00000, 0x0000000100000000)
  eden space 15872K, 0% used [0x00000000eaa80000,0x00000000eaa80000,0x00000000eba00000)
  from space 2560K, 58% used [0x00000000eba00000,0x00000000ebb752e8,0x00000000ebc80000)
  to   space 2560K, 0% used [0x00000000ebc80000,0x00000000ebc80000,0x00000000ebf00000)
 ParOldGen       total 41472K, used 0K [0x00000000c0000000, 0x00000000c2880000, 0x00000000eaa80000)
  object space 41472K, 0% used [0x00000000c0000000,0x00000000c0000000,0x00000000c2880000)
 PSPermGen       total 21504K, used 4245K [0x00000000bae00000, 0x00000000bc300000, 0x00000000c0000000)
  object space 21504K, 19% used [0x00000000bae00000,0x00000000bb2255e0,0x00000000bc300000)
}
Event: 3.955 GC heap before
{Heap before GC invocations=2 (full 0):
 PSYoungGen      total 18432K, used 17364K [0x00000000eaa80000, 0x00000000ebf00000, 0x0000000100000000)
  eden space 15872K, 100% used [0x00000000eaa80000,0x00000000eba00000,0x00000000eba00000)
  from space 2560K, 58% used [0x00000000eba00000,0x00000000ebb752e8,0x00000000ebc80000)
  to   space 2560K, 0% used [0x00000000ebc80000,0x00000000ebc80000,0x00000000ebf00000)
 ParOldGen       total 41472K, used 0K [0x00000000c0000000, 0x00000000c2880000, 0x00000000eaa80000)
  object space 41472K, 0% used [0x00000000c0000000,0x00000000c0000000,0x00000000c2880000)
 PSPermGen       total 21504K, used 5733K [0x00000000bae00000, 0x00000000bc300000, 0x00000000c0000000)
  object space 21504K, 26% used [0x00000000bae00000,0x00000000bb399430,0x00000000bc300000)
Event: 3.972 GC heap after
Heap after GC invocations=2 (full 0):
 PSYoungGen      total 18432K, used 2559K [0x00000000eaa80000, 0x00000000ece80000, 0x0000000100000000)
  eden space 15872K, 0% used [0x00000000eaa80000,0x00000000eaa80000,0x00000000eba00000)
  from space 2560K, 99% used [0x00000000ebc80000,0x00000000ebeffd88,0x00000000ebf00000)
  to   space 2560K, 0% used [0x00000000eba00000,0x00000000eba00000,0x00000000ebc80000)
 ParOldGen       total 41472K, used 2120K [0x00000000c0000000, 0x00000000c2880000, 0x00000000eaa80000)
  object space 41472K, 5% used [0x00000000c0000000,0x00000000c0212180,0x00000000c2880000)
 PSPermGen       total 21504K, used 5733K [0x00000000bae00000, 0x00000000bc300000, 0x00000000c0000000)
  object space 21504K, 26% used [0x00000000bae00000,0x00000000bb399430,0x00000000bc300000)
}
Event: 4.978 GC heap before
{Heap before GC invocations=3 (full 0):
 PSYoungGen      total 18432K, used 18431K [0x00000000eaa80000, 0x00000000ece80000, 0x0000000100000000)
  eden space 15872K, 100% used [0x00000000eaa80000,0x00000000eba00000,0x00000000eba00000)
  from space 2560K, 99% used [0x00000000ebc80000,0x00000000ebeffd88,0x00000000ebf00000)
  to   space 2560K, 0% used [0x00000000eba00000,0x00000000eba00000,0x00000000ebc80000)
 ParOldGen       total 41472K, used 2120K [0x00000000c0000000, 0x00000000c2880000, 0x00000000eaa80000)
  object space 41472K, 5% used [0x00000000c0000000,0x00000000c0212180,0x00000000c2880000)
 PSPermGen       total 21504K, used 5871K [0x00000000bae00000, 0x00000000bc300000, 0x00000000c0000000)
  object space 21504K, 27% used [0x00000000bae00000,0x00000000bb3bbca8,0x00000000bc300000)
Event: 5.004 GC heap after
Heap after GC invocations=3 (full 0):
 PSYoungGen      total 18432K, used 2539K [0x00000000eaa80000, 0x00000000ece80000, 0x0000000100000000)
  eden space 15872K, 0% used [0x00000000eaa80000,0x00000000eaa80000,0x00000000eba00000)
  from space 2560K, 99% used [0x00000000eba00000,0x00000000ebc7af90,0x00000000ebc80000)
  to   space 2560K, 0% used [0x00000000ecc00000,0x00000000ecc00000,0x00000000ece80000)
 ParOldGen       total 41472K, used 4917K [0x00000000c0000000, 0x00000000c2880000, 0x00000000eaa80000)
  object space 41472K, 11% used [0x00000000c0000000,0x00000000c04cd4b8,0x00000000c2880000)
 PSPermGen       total 21504K, used 5871K [0x00000000bae00000, 0x00000000bc300000, 0x00000000c0000000)
  object space 21504K, 27% used [0x00000000bae00000,0x00000000bb3bbca8,0x00000000bc300000)
}
Event: 6.295 GC heap before
{Heap before GC invocations=4 (full 0):
 PSYoungGen      total 18432K, used 18411K [0x00000000eaa80000, 0x00000000ece80000, 0x0000000100000000)
  eden space 15872K, 100% used [0x00000000eaa80000,0x00000000eba00000,0x00000000eba00000)
  from space 2560K, 99% used [0x00000000eba00000,0x00000000ebc7af90,0x00000000ebc80000)
  to   space 2560K, 0% used [0x00000000ecc00000,0x00000000ecc00000,0x00000000ece80000)
 ParOldGen       total 41472K, used 4917K [0x00000000c0000000, 0x00000000c2880000, 0x00000000eaa80000)
  object space 41472K, 11% used [0x00000000c0000000,0x00000000c04cd4b8,0x00000000c2880000)
 PSPermGen       total 21504K, used 5910K [0x00000000bae00000, 0x00000000bc300000, 0x00000000c0000000)
  object space 21504K, 27% used [0x00000000bae00000,0x00000000bb3c5bd0,0x00000000bc300000)
Event: 6.341 GC heap after
Heap after GC invocations=4 (full 0):
 PSYoungGen      total 34304K, used 2529K [0x00000000eaa80000, 0x00000000ece80000, 0x0000000100000000)
  eden space 31744K, 0% used [0x00000000eaa80000,0x00000000eaa80000,0x00000000ec980000)
  from space 2560K, 98% used [0x00000000ecc00000,0x00000000ece78538,0x00000000ece80000)
  to   space 2560K, 0% used [0x00000000ec980000,0x00000000ec980000,0x00000000ecc00000)
 ParOldGen       total 41472K, used 7609K [0x00000000c0000000, 0x00000000c2880000, 0x00000000eaa80000)
  object space 41472K, 18% used [0x00000000c0000000,0x00000000c076e658,0x00000000c2880000)
 PSPermGen       total 21504K, used 5910K [0x00000000bae00000, 0x00000000bc300000, 0x00000000c0000000)
  object space 21504K, 27% used [0x00000000bae00000,0x00000000bb3c5bd0,0x00000000bc300000)
}
Event: 7.741 GC heap before
{Heap before GC invocations=5 (full 0):
 PSYoungGen      total 34304K, used 34273K [0x00000000eaa80000, 0x00000000ece80000, 0x0000000100000000)
  eden space 31744K, 100% used [0x00000000eaa80000,0x00000000ec980000,0x00000000ec980000)
  from space 2560K, 98% used [0x00000000ecc00000,0x00000000ece78538,0x00000000ece80000)
  to   space 2560K, 0% used [0x00000000ec980000,0x00000000ec980000,0x00000000ecc00000)
 ParOldGen       total 41472K, used 7609K [0x00000000c0000000, 0x00000000c2880000, 0x00000000eaa80000)
  object space 41472K, 18% used [0x00000000c0000000,0x00000000c076e658,0x00000000c2880000)
 PSPermGen       total 21504K, used 5950K [0x00000000bae00000, 0x00000000bc300000, 0x00000000c0000000)
  object space 21504K, 27% used [0x00000000bae00000,0x00000000bb3cfa48,0x00000000bc300000)
Event: 7.770 GC heap after
Heap after GC invocations=5 (full 0):
 PSYoungGen      total 34304K, used 2558K [0x00000000eaa80000, 0x00000000ece80000, 0x0000000100000000)
  eden space 31744K, 0% used [0x00000000eaa80000,0x00000000eaa80000,0x00000000ec980000)
  from space 2560K, 99% used [0x00000000ec980000,0x00000000ecbff8c8,0x00000000ecc00000)
  to   space 2560K, 0% used [0x00000000ecc00000,0x00000000ecc00000,0x00000000ece80000)
 ParOldGen       total 41472K, used 13334K [0x00000000c0000000, 0x00000000c2880000, 0x00000000eaa80000)
  object space 41472K, 32% used [0x00000000c0000000,0x00000000c0d059f0,0x00000000c2880000)
 PSPermGen       total 21504K, used 5950K [0x00000000bae00000, 0x00000000bc300000, 0x00000000c0000000)
  object space 21504K, 27% used [0x00000000bae00000,0x00000000bb3cfa48,0x00000000bc300000)
}

Deoptimization events (10 events):
Event: 6.103 Thread 0x000000000a2b0000 Uncommon trap: reason=unreached action=reinterpret pc=0x00000000028b0804 method=com.android.dx.rop.cst.Constant.compareTo(Lcom/android/dx/rop/cst/Constant;)I @ 12
Event: 6.421 Thread 0x0000000002731000 Uncommon trap: reason=unreached action=reinterpret pc=0x00000000028fea7c method=com.android.dx.ssa.SCCP.simulateBranch(Lcom/android/dx/ssa/SsaInsn;)V @ 132
Event: 6.681 Thread 0x0000000002731000 Uncommon trap: reason=unreached action=reinterpret pc=0x000000000293fbb4 method=com.android.dx.cf.code.Ropper.processBlock(Lcom/android/dx/cf/code/ByteBlock;Lcom/android/dx/cf/code/Frame;[I)V @ 513
Event: 6.877 Thread 0x000000000a2b0000 Uncommon trap: reason=unreached action=reinterpret pc=0x00000000028ebf88 method=com.android.dx.ssa.LocalVariableExtractor.processBlock(I)V @ 251
Event: 6.886 Thread 0x000000000a2a1000 Uncommon trap: reason=class_check action=maybe_recompile pc=0x00000000028fcaa8 method=java.util.HashMap.put(Ljava/lang/Object;Ljava/lang/Object;)Ljava/lang/Object; @ 83
Event: 6.886 Thread 0x000000000a2a1000 Uncommon trap: reason=class_check action=maybe_recompile pc=0x00000000028fcaa8 method=java.util.HashMap.put(Ljava/lang/Object;Ljava/lang/Object;)Ljava/lang/Object; @ 83
Event: 6.886 Thread 0x000000000a2a1000 Uncommon trap: reason=class_check action=maybe_recompile pc=0x00000000028fcaa8 method=java.util.HashMap.put(Ljava/lang/Object;Ljava/lang/Object;)Ljava/lang/Object; @ 83
Event: 6.886 Thread 0x000000000a2a1000 Uncommon trap: reason=class_check action=maybe_recompile pc=0x00000000028fcaa8 method=java.util.HashMap.put(Ljava/lang/Object;Ljava/lang/Object;)Ljava/lang/Object; @ 83
Event: 7.202 Thread 0x000000000a2a1000 Uncommon trap: reason=unreached action=reinterpret pc=0x000000000294ff74 method=com.android.dx.ssa.SsaRenamer$BlockRenamer.process()V @ 90
Event: 7.785 Thread 0x000000000a2b0000 Uncommon trap: reason=unreached action=reinterpret pc=0x000000000294734c method=com.android.dx.ssa.SsaRenamer$BlockRenamer.process()V @ 90

Internal exceptions (10 events):
Event: 3.631 Thread 0x0000000002731000 Threw 0x00000000eb3c7c10 at C:\re\jdk7u79\2331\hotspot\src\share\vm\prims\jvm.cpp:1304
Event: 3.633 Thread 0x000000000a2af800 Threw 0x00000000eb08bc98 at C:\re\jdk7u79\2331\hotspot\src\share\vm\prims\jvm.cpp:1304
Event: 3.720 Thread 0x000000000a2ac800 Implicit null exception at 0x00000000028b69a3 to 0x00000000028b6ccd
Event: 3.815 Thread 0x000000000a2ac800 Threw 0x00000000eb58db70 at C:\re\jdk7u79\2331\hotspot\src\share\vm\prims\jvm.cpp:1304
Event: 4.084 Thread 0x000000000a2af800 Threw 0x00000000eac647d0 at C:\re\jdk7u79\2331\hotspot\src\share\vm\prims\jvm.cpp:1304
Event: 4.669 Thread 0x0000000002731000 Implicit null exception at 0x00000000028d3a2b to 0x00000000028d410d
Event: 4.868 Thread 0x0000000002731000 Implicit null exception at 0x00000000028efc2c to 0x00000000028f1039
Event: 6.401 Thread 0x0000000002731000 Threw 0x00000000eac9c340 at C:\re\jdk7u79\2331\hotspot\src\share\vm\prims\jvm.cpp:1304
Event: 6.549 Thread 0x0000000002731000 Threw 0x00000000eae113f0 at C:\re\jdk7u79\2331\hotspot\src\share\vm\prims\jvm.cpp:1304
Event: 7.629 Thread 0x0000000002731000 Threw 0x00000000ec4be930 at C:\re\jdk7u79\2331\hotspot\src\share\vm\prims\jvm.cpp:1304

Events (10 events):
Event: 7.455 Thread 0x00000000086c6000 flushing nmethod 0x00000000028bdf10
Event: 7.629 loading class 0x000000000a184770
Event: 7.629 loading class 0x000000000a184770 done
Event: 7.734 Executing VM operation: ParallelGCFailedAllocation
Event: 7.770 Executing VM operation: ParallelGCFailedAllocation done
Event: 7.785 Thread 0x000000000a2b0000 Uncommon trap: trap_request=0xffffffad fr.pc=0x000000000294734c
Event: 7.785 Thread 0x000000000a2b0000 DEOPT PACKING pc=0x000000000294734c sp=0x000000000a93eb80
Event: 7.785 Thread 0x000000000a2b0000 DEOPT UNPACKING pc=0x0000000002869064 sp=0x000000000a93eb68 mode 2
Event: 7.822 Thread 0x00000000086c6000 flushing nmethod 0x00000000028d3350
Event: 7.837 Thread 0x00000000086c6000 flushing nmethod 0x00000000028ef190


Dynamic libraries:
0x00007ff7ca770000 - 0x00007ff7ca7a3000 	C:\Program Files\Java\jdk1.7.0_79\bin\java.exe
0x00007fffd44c0000 - 0x00007fffd4682000 	C:\WINDOWS\SYSTEM32\ntdll.dll
0x00007fffd3f20000 - 0x00007fffd3fcd000 	C:\WINDOWS\system32\KERNEL32.DLL
0x00007fffd1030000 - 0x00007fffd120d000 	C:\WINDOWS\system32\KERNELBASE.dll
0x00007fffd3b10000 - 0x00007fffd3bb6000 	C:\WINDOWS\system32\ADVAPI32.dll
0x00007fffd1d80000 - 0x00007fffd1e1d000 	C:\WINDOWS\system32\msvcrt.dll
0x00007fffd4300000 - 0x00007fffd435b000 	C:\WINDOWS\system32\sechost.dll
0x00007fffd3df0000 - 0x00007fffd3f16000 	C:\WINDOWS\system32\RPCRT4.dll
0x00007fffd39c0000 - 0x00007fffd3b0e000 	C:\WINDOWS\system32\USER32.dll
0x00007fffd1be0000 - 0x00007fffd1d66000 	C:\WINDOWS\system32\GDI32.dll
0x00007fffc0fe0000 - 0x00007fffc1254000 	C:\WINDOWS\WinSxS\amd64_microsoft.windows.common-controls_6595b64144ccf1df_6.0.10240.16384_none_f41f7b285750ef43\COMCTL32.dll
0x00007fffd3fd0000 - 0x00007fffd4006000 	C:\WINDOWS\system32\IMM32.DLL
0x00007fffd4360000 - 0x00007fffd44bc000 	C:\WINDOWS\system32\MSCTF.dll
0x000000006c1f0000 - 0x000000006c2c2000 	C:\Program Files\Java\jdk1.7.0_79\jre\bin\msvcr100.dll
0x000000006c560000 - 0x000000006cd35000 	C:\Program Files\Java\jdk1.7.0_79\jre\bin\server\jvm.dll
0x00007fffd1d70000 - 0x00007fffd1d78000 	C:\WINDOWS\system32\PSAPI.DLL
0x00007fffc5ea0000 - 0x00007fffc5ea9000 	C:\WINDOWS\SYSTEM32\WSOCK32.dll
0x00007fffd1b70000 - 0x00007fffd1bd9000 	C:\WINDOWS\system32\WS2_32.dll
0x00007fffd4220000 - 0x00007fffd4228000 	C:\WINDOWS\system32\NSI.dll
0x00007fffcefe0000 - 0x00007fffcf003000 	C:\WINDOWS\SYSTEM32\WINMM.dll
0x00007fffcef80000 - 0x00007fffcefac000 	C:\WINDOWS\SYSTEM32\WINMMBASE.dll
0x00007fffd1320000 - 0x00007fffd1364000 	C:\WINDOWS\system32\cfgmgr32.dll
0x00007fffcf7a0000 - 0x00007fffcf7c7000 	C:\WINDOWS\SYSTEM32\DEVOBJ.dll
0x000000006e860000 - 0x000000006e86f000 	C:\Program Files\Java\jdk1.7.0_79\jre\bin\verify.dll
0x000000006e830000 - 0x000000006e858000 	C:\Program Files\Java\jdk1.7.0_79\jre\bin\java.dll
0x000000006e810000 - 0x000000006e825000 	C:\Program Files\Java\jdk1.7.0_79\jre\bin\zip.dll
0x000000006e7f0000 - 0x000000006e80a000 	C:\Program Files\Java\jdk1.7.0_79\jre\bin\net.dll
0x00007fffd0740000 - 0x00007fffd079d000 	C:\WINDOWS\system32\mswsock.dll
0x000000006e7d0000 - 0x000000006e7e1000 	C:\Program Files\Java\jdk1.7.0_79\jre\bin\nio.dll

VM Arguments:
jvm_args: -Djava.awt.headless=true -Xmx1024M -Dfile.encoding=windows-1252 -Duser.country=BR -Duser.language=pt -Duser.variant 
java_command: com.android.dx.command.Main --dex --num-threads=4 --output C:\Users\Cinthia\AndroidStudioProjects\Flicktip\app\build\intermediates\pre-dexed\debug\com.android.support-support-v4-23.1.1_f44e9ff2eff11bfdbeeed116df0ff9eb9477be45.jar C:\Users\Cinthia\AndroidStudioProjects\Flicktip\app\build\intermediates\exploded-aar\com.android.support\support-v4\23.1.1\jars\classes.jar
Launcher Type: SUN_STANDARD

Environment Variables:
PATH=C:\ProgramData\Oracle\Java\javapath;C:\Program Files\Common Files\Microsoft Shared\Windows Live;C:\Program Files (x86)\Common Files\Microsoft Shared\Windows Live;C:\WINDOWS\system32;C:\WINDOWS;C:\WINDOWS\System32\Wbem;C:\WINDOWS\System32\WindowsPowerShell\v1.0\;C:\Program Files (x86)\Windows Live\Shared;C:\Program Files (x86)\Kodak\Document Imaging\kds_i900\Smart Touch\;C:\Program Files (x86)\Skype\Phone\;C:\Program Files\TortoiseSVN\bin
USERNAME=Cinthia
OS=Windows_NT
PROCESSOR_IDENTIFIER=Intel64 Family 6 Model 37 Stepping 5, GenuineIntel



---------------  S Y S T E M  ---------------

OS: Windows 8.1 , 64 bit Build 9600 

CPU:total 4 (2 cores per cpu, 2 threads per core) family 6 model 37 stepping 5, cmov, cx8, fxsr, mmx, sse, sse2, sse3, ssse3, sse4.1, sse4.2, popcnt, ht, tsc, tscinvbit

Memory: 4k page, physical 3987960k(763192k free), swap 3987960k(6700k free)

vm_info: Java HotSpot(TM) 64-Bit Server VM (24.79-b02) for windows-amd64 JRE (1.7.0_79-b15), built on Apr 10 2015 12:36:16 by "java_re" with unknown MS VC++:1600

time: Tue Mar 22 01:01:28 2016
elapsed time: 8 seconds

