#
# There is insufficient memory for the Java Runtime Environment to continue.
# Native memory allocation (malloc) failed to allocate 522176 bytes for Chunk::new
# Possible reasons:
#   The system is out of physical RAM or swap space
#   In 32 bit mode, the process size limit was hit
# Possible solutions:
#   Reduce memory load on the system
#   Increase physical memory or swap space
#   Check if swap backing store is full
#   Use 64 bit Java on a 64 bit OS
#   Decrease Java heap size (-Xmx/-Xms)
#   Decrease number of Java threads
#   Decrease Java thread stack sizes (-Xss)
#   Set larger code cache with -XX:ReservedCodeCacheSize=
# This output file may be truncated or incomplete.
#
#  Out of Memory Error (allocation.cpp:323), pid=4956, tid=5512
#
# JRE version: Java(TM) SE Runtime Environment (7.0_79-b15) (build 1.7.0_79-b15)
# Java VM: Java HotSpot(TM) 64-Bit Server VM (24.79-b02 mixed mode windows-amd64 compressed oops)
# Failed to write core dump. Minidumps are not enabled by default on client versions of Windows
#

---------------  T H R E A D  ---------------

Current thread (0x0000000008ba3000):  JavaThread "C2 CompilerThread0" daemon [_thread_in_native, id=5512, stack(0x000000000a140000,0x000000000a240000)]

Stack: [0x000000000a140000,0x000000000a240000]
[error occurred during error reporting (printing stack bounds), id 0xc0000005]


[error occurred during error reporting (printing native stack), id 0xc0000005]


Current CompileTask:
C2:   3562  157             com.android.dx.ssa.SsaConverter::placePhiFunctions (394 bytes)


---------------  P R O C E S S  ---------------

Java Threads: ( => current thread )
  0x000000000a7a3000 JavaThread "pool-1-thread-4" [_thread_blocked, id=5152, stack(0x000000000ad40000,0x000000000ae40000)]
  0x000000000a5d4000 JavaThread "pool-1-thread-3" [_thread_blocked, id=7580, stack(0x000000000ac40000,0x000000000ad40000)]
  0x000000000a5c5000 JavaThread "pool-1-thread-2" [_thread_blocked, id=7540, stack(0x000000000ab40000,0x000000000ac40000)]
  0x000000000a836800 JavaThread "pool-2-thread-1" [_thread_blocked, id=3496, stack(0x000000000aa40000,0x000000000ab40000)]
  0x000000000a764000 JavaThread "pool-1-thread-1" [_thread_in_Java, id=6344, stack(0x000000000a940000,0x000000000aa40000)]
  0x0000000008bba000 JavaThread "Service Thread" daemon [_thread_blocked, id=3948, stack(0x000000000a340000,0x000000000a440000)]
  0x0000000008ba6000 JavaThread "C2 CompilerThread1" daemon [_thread_in_native, id=1028, stack(0x000000000a240000,0x000000000a340000)]
=>0x0000000008ba3000 JavaThread "C2 CompilerThread0" daemon [_thread_in_native, id=5512, stack(0x000000000a140000,0x000000000a240000)]
  0x0000000008ba2000 JavaThread "Attach Listener" daemon [_thread_blocked, id=3944, stack(0x000000000a040000,0x000000000a140000)]
  0x0000000008b9f000 JavaThread "Signal Dispatcher" daemon [_thread_blocked, id=7596, stack(0x0000000009f40000,0x000000000a040000)]
  0x0000000008b6a000 JavaThread "Finalizer" daemon [_thread_blocked, id=1452, stack(0x0000000009e40000,0x0000000009f40000)]
  0x0000000008b66800 JavaThread "Reference Handler" daemon [_thread_blocked, id=5936, stack(0x0000000009d40000,0x0000000009e40000)]
  0x0000000002c11000 JavaThread "main" [_thread_in_Java, id=7728, stack(0x0000000002a80000,0x0000000002b80000)]

Other Threads:
  0x0000000008b61800 VMThread [stack: 0x0000000009c40000,0x0000000009d40000] [id=7256]
  0x0000000008bc4800 WatcherThread [stack: 0x000000000a440000,0x000000000a540000] [id=7040]

VM state:not at safepoint (normal execution)

VM Mutex/Monitor currently owned by a thread: None

Heap
 PSYoungGen      total 18432K, used 12716K [0x00000000eaa80000, 0x00000000ece80000, 0x0000000100000000)
  eden space 15872K, 64% used [0x00000000eaa80000,0x00000000eb473098,0x00000000eba00000)
  from space 2560K, 98% used [0x00000000eba00000,0x00000000ebc78088,0x00000000ebc80000)
  to   space 2560K, 0% used [0x00000000ecc00000,0x00000000ecc00000,0x00000000ece80000)
 ParOldGen       total 41472K, used 566K [0x00000000c0000000, 0x00000000c2880000, 0x00000000eaa80000)
  object space 41472K, 1% used [0x00000000c0000000,0x00000000c008d800,0x00000000c2880000)
 PSPermGen       total 21504K, used 5700K [0x00000000bae00000, 0x00000000bc300000, 0x00000000c0000000)
  object space 21504K, 26% used [0x00000000bae00000,0x00000000bb391130,0x00000000bc300000)

Card table byte_map: [0x0000000005dd0000,0x0000000006000000] byte_map_base: 0x00000000057f9000

Polling page: 0x00000000012d0000

Code Cache  [0x0000000002d10000, 0x0000000002f80000, 0x0000000005d10000)
 total_blobs=394 nmethods=156 adapters=189 free_code_cache=48517Kb largest_free_block=49667136

Compilation events (10 events):
Event: 3.475 Thread 0x0000000008ba3000 nmethod 152 0x0000000002daa450 code [0x0000000002daa5a0, 0x0000000002daa838]
Event: 3.475 Thread 0x0000000008ba3000  154  s          java.util.Stack::pop (19 bytes)
Event: 3.478 Thread 0x0000000008ba6000 nmethod 153 0x0000000002da9d90 code [0x0000000002da9ee0, 0x0000000002daa2c8]
Event: 3.478 Thread 0x0000000008ba6000  155  s          java.util.Vector::removeElementAt (115 bytes)
Event: 3.483 Thread 0x0000000008ba3000 nmethod 154 0x0000000002da95d0 code [0x0000000002da9720, 0x0000000002da9a18]
Event: 3.483 Thread 0x0000000008ba3000  156             com.android.dx.rop.code.BasicBlock::getSuccessors (5 bytes)
Event: 3.483 Thread 0x0000000008ba3000 nmethod 156 0x0000000002dab0d0 code [0x0000000002dab200, 0x0000000002dab258]
Event: 3.483 Thread 0x0000000008ba3000  157             com.android.dx.ssa.SsaConverter::placePhiFunctions (394 bytes)
Event: 3.485 Thread 0x0000000008ba6000 nmethod 155 0x0000000002dad910 code [0x0000000002dada60, 0x0000000002dade78]
Event: 3.497 Thread 0x0000000008ba6000  158             com.android.dx.ssa.SsaMethod::mapRegisters (87 bytes)

GC Heap History (2 events):
Event: 2.103 GC heap before
{Heap before GC invocations=1 (full 0):
 PSYoungGen      total 18432K, used 15872K [0x00000000eaa80000, 0x00000000ebf00000, 0x0000000100000000)
  eden space 15872K, 100% used [0x00000000eaa80000,0x00000000eba00000,0x00000000eba00000)
  from space 2560K, 0% used [0x00000000ebc80000,0x00000000ebc80000,0x00000000ebf00000)
  to   space 2560K, 0% used [0x00000000eba00000,0x00000000eba00000,0x00000000ebc80000)
 ParOldGen       total 41472K, used 0K [0x00000000c0000000, 0x00000000c2880000, 0x00000000eaa80000)
  object space 41472K, 0% used [0x00000000c0000000,0x00000000c0000000,0x00000000c2880000)
 PSPermGen       total 21504K, used 5535K [0x00000000bae00000, 0x00000000bc300000, 0x00000000c0000000)
  object space 21504K, 25% used [0x00000000bae00000,0x00000000bb367d98,0x00000000bc300000)
Event: 2.169 GC heap after
Heap after GC invocations=1 (full 0):
 PSYoungGen      total 18432K, used 2528K [0x00000000eaa80000, 0x00000000ece80000, 0x0000000100000000)
  eden space 15872K, 0% used [0x00000000eaa80000,0x00000000eaa80000,0x00000000eba00000)
  from space 2560K, 98% used [0x00000000eba00000,0x00000000ebc78088,0x00000000ebc80000)
  to   space 2560K, 0% used [0x00000000ecc00000,0x00000000ecc00000,0x00000000ece80000)
 ParOldGen       total 41472K, used 566K [0x00000000c0000000, 0x00000000c2880000, 0x00000000eaa80000)
  object space 41472K, 1% used [0x00000000c0000000,0x00000000c008d800,0x00000000c2880000)
 PSPermGen       total 21504K, used 5535K [0x00000000bae00000, 0x00000000bc300000, 0x00000000c0000000)
  object space 21504K, 25% used [0x00000000bae00000,0x00000000bb367d98,0x00000000bc300000)
}

Deoptimization events (6 events):
Event: 2.219 Thread 0x0000000002c11000 Uncommon trap: reason=class_check action=maybe_recompile pc=0x0000000002d8aa6c method=com.android.dx.ssa.NormalSsaInsn.accept(Lcom/android/dx/ssa/SsaInsn$Visitor;)V @ 9
Event: 2.353 Thread 0x0000000002c11000 Uncommon trap: reason=class_check action=maybe_recompile pc=0x0000000002d8aa6c method=com.android.dx.ssa.NormalSsaInsn.accept(Lcom/android/dx/ssa/SsaInsn$Visitor;)V @ 9
Event: 2.574 Thread 0x000000000a764000 Uncommon trap: reason=class_check action=maybe_recompile pc=0x0000000002d8aa6c method=com.android.dx.ssa.NormalSsaInsn.accept(Lcom/android/dx/ssa/SsaInsn$Visitor;)V @ 9
Event: 2.574 Thread 0x000000000a764000 Uncommon trap: reason=class_check action=maybe_recompile pc=0x0000000002d8aa6c method=com.android.dx.ssa.NormalSsaInsn.accept(Lcom/android/dx/ssa/SsaInsn$Visitor;)V @ 9
Event: 2.773 Thread 0x000000000a7a3000 Uncommon trap: reason=null_check action=make_not_entrant pc=0x0000000002d9458c method=com.android.dx.rop.code.LocalItem.equals(Ljava/lang/Object;)Z @ 1
Event: 3.081 Thread 0x000000000a7a3000 Uncommon trap: reason=unreached action=reinterpret pc=0x0000000002d9c184 method=com.android.dx.rop.cst.Constant.compareTo(Lcom/android/dx/rop/cst/Constant;)I @ 12

Internal exceptions (10 events):
Event: 1.974 Thread 0x000000000a5c5000 Threw 0x00000000eb6d3270 at C:\re\jdk7u79\2331\hotspot\src\share\vm\prims\jvm.cpp:1304
Event: 1.976 Thread 0x000000000a5c5000 Threw 0x00000000eb6d92b0 at C:\re\jdk7u79\2331\hotspot\src\share\vm\prims\jvm.cpp:1304
Event: 1.977 Thread 0x000000000a764000 Threw 0x00000000eb7b6888 at C:\re\jdk7u79\2331\hotspot\src\share\vm\prims\jvm.cpp:1304
Event: 1.987 Thread 0x0000000002c11000 Threw 0x00000000eb780cc8 at C:\re\jdk7u79\2331\hotspot\src\share\vm\prims\jvm.cpp:1304
Event: 1.988 Thread 0x000000000a7a3000 Threw 0x00000000eb889920 at C:\re\jdk7u79\2331\hotspot\src\share\vm\prims\jvm.cpp:1304
Event: 1.995 Thread 0x000000000a7a3000 Threw 0x00000000eb891698 at C:\re\jdk7u79\2331\hotspot\src\share\vm\prims\jvm.cpp:1304
Event: 2.002 Thread 0x000000000a5d4000 Threw 0x00000000eb8cfae0 at C:\re\jdk7u79\2331\hotspot\src\share\vm\prims\jvm.cpp:1304
Event: 2.591 Thread 0x000000000a7a3000 Threw 0x00000000eacb1228 at C:\re\jdk7u79\2331\hotspot\src\share\vm\prims\jvm.cpp:1304
Event: 2.596 Thread 0x0000000002c11000 Threw 0x00000000eacf33e8 at C:\re\jdk7u79\2331\hotspot\src\share\vm\prims\jvm.cpp:1304
Event: 2.773 Thread 0x000000000a7a3000 Implicit null exception at 0x0000000002d94218 to 0x0000000002d94579

Events (10 events):
Event: 2.773 Thread 0x000000000a7a3000 DEOPT UNPACKING pc=0x0000000002d49064 sp=0x000000000ae3e9e0 mode 2
Event: 2.931 loading class 0x0000000002c8da70
Event: 2.931 loading class 0x0000000002c8da70 done
Event: 3.081 Thread 0x000000000a7a3000 Uncommon trap: trap_request=0xffffffad fr.pc=0x0000000002d9c184
Event: 3.082 Thread 0x000000000a7a3000 DEOPT PACKING pc=0x0000000002d9c184 sp=0x000000000ae3e8f0
Event: 3.082 Thread 0x000000000a7a3000 DEOPT UNPACKING pc=0x0000000002d49064 sp=0x000000000ae3e890 mode 2
Event: 3.277 loading class 0x0000000008bc84b0
Event: 3.277 loading class 0x0000000008bc84b0 done
Event: 3.277 loading class 0x0000000008bc8480
Event: 3.278 loading class 0x0000000008bc8480 done


Dynamic libraries:
0x00007ff7ca770000 - 0x00007ff7ca7a3000 	C:\Program Files\Java\jdk1.7.0_79\bin\java.exe
0x00007fffd44c0000 - 0x00007fffd4682000 	C:\WINDOWS\SYSTEM32\ntdll.dll
0x00007fffd3f20000 - 0x00007fffd3fcd000 	C:\WINDOWS\system32\KERNEL32.DLL
0x00007fffd1030000 - 0x00007fffd120d000 	C:\WINDOWS\system32\KERNELBASE.dll
0x00007fffd3b10000 - 0x00007fffd3bb6000 	C:\WINDOWS\system32\ADVAPI32.dll
0x00007fffd1d80000 - 0x00007fffd1e1d000 	C:\WINDOWS\system32\msvcrt.dll
0x00007fffd4300000 - 0x00007fffd435b000 	C:\WINDOWS\system32\sechost.dll
0x00007fffd3df0000 - 0x00007fffd3f16000 	C:\WINDOWS\system32\RPCRT4.dll
0x00007fffd39c0000 - 0x00007fffd3b0e000 	C:\WINDOWS\system32\USER32.dll
0x00007fffd1be0000 - 0x00007fffd1d66000 	C:\WINDOWS\system32\GDI32.dll
0x00007fffc0fe0000 - 0x00007fffc1254000 	C:\WINDOWS\WinSxS\amd64_microsoft.windows.common-controls_6595b64144ccf1df_6.0.10240.16384_none_f41f7b285750ef43\COMCTL32.dll
0x00007fffd3fd0000 - 0x00007fffd4006000 	C:\WINDOWS\system32\IMM32.DLL
0x00007fffd4360000 - 0x00007fffd44bc000 	C:\WINDOWS\system32\MSCTF.dll
0x000000006c1f0000 - 0x000000006c2c2000 	C:\Program Files\Java\jdk1.7.0_79\jre\bin\msvcr100.dll
0x000000006c560000 - 0x000000006cd35000 	C:\Program Files\Java\jdk1.7.0_79\jre\bin\server\jvm.dll
0x00007fffd1d70000 - 0x00007fffd1d78000 	C:\WINDOWS\system32\PSAPI.DLL
0x00007fffc5ea0000 - 0x00007fffc5ea9000 	C:\WINDOWS\SYSTEM32\WSOCK32.dll
0x00007fffd1b70000 - 0x00007fffd1bd9000 	C:\WINDOWS\system32\WS2_32.dll
0x00007fffd4220000 - 0x00007fffd4228000 	C:\WINDOWS\system32\NSI.dll
0x00007fffcefe0000 - 0x00007fffcf003000 	C:\WINDOWS\SYSTEM32\WINMM.dll
0x00007fffcef80000 - 0x00007fffcefac000 	C:\WINDOWS\SYSTEM32\WINMMBASE.dll
0x00007fffd1320000 - 0x00007fffd1364000 	C:\WINDOWS\system32\cfgmgr32.dll
0x00007fffcf7a0000 - 0x00007fffcf7c7000 	C:\WINDOWS\SYSTEM32\DEVOBJ.dll
0x000000006e860000 - 0x000000006e86f000 	C:\Program Files\Java\jdk1.7.0_79\jre\bin\verify.dll
0x000000006e830000 - 0x000000006e858000 	C:\Program Files\Java\jdk1.7.0_79\jre\bin\java.dll
0x000000006e810000 - 0x000000006e825000 	C:\Program Files\Java\jdk1.7.0_79\jre\bin\zip.dll
0x000000006e7f0000 - 0x000000006e80a000 	C:\Program Files\Java\jdk1.7.0_79\jre\bin\net.dll
0x00007fffd0740000 - 0x00007fffd079d000 	C:\WINDOWS\system32\mswsock.dll
0x000000006e7d0000 - 0x000000006e7e1000 	C:\Program Files\Java\jdk1.7.0_79\jre\bin\nio.dll

VM Arguments:
jvm_args: -Djava.awt.headless=true -Xmx1024M -Dfile.encoding=windows-1252 -Duser.country=BR -Duser.language=pt -Duser.variant 
java_command: com.android.dx.command.Main --dex --num-threads=4 --output C:\Users\Cinthia\AndroidStudioProjects\Flicktip\app\build\intermediates\pre-dexed\debug\internal_impl-23.1.1_55baa7a1ca6f804816d8dd15cfb3874df13a7c75.jar C:\Users\Cinthia\AndroidStudioProjects\Flicktip\app\build\intermediates\exploded-aar\com.android.support\support-v4\23.1.1\jars\libs\internal_impl-23.1.1.jar
Launcher Type: SUN_STANDARD

Environment Variables:
PATH=C:\ProgramData\Oracle\Java\javapath;C:\Program Files\Common Files\Microsoft Shared\Windows Live;C:\Program Files (x86)\Common Files\Microsoft Shared\Windows Live;C:\WINDOWS\system32;C:\WINDOWS;C:\WINDOWS\System32\Wbem;C:\WINDOWS\System32\WindowsPowerShell\v1.0\;C:\Program Files (x86)\Windows Live\Shared;C:\Program Files (x86)\Kodak\Document Imaging\kds_i900\Smart Touch\;C:\Program Files (x86)\Skype\Phone\;C:\Program Files\TortoiseSVN\bin
USERNAME=Cinthia
OS=Windows_NT
PROCESSOR_IDENTIFIER=Intel64 Family 6 Model 37 Stepping 5, GenuineIntel



---------------  S Y S T E M  ---------------

OS: Windows 8.1 , 64 bit Build 9600 

CPU:total 4 (2 cores per cpu, 2 threads per core) family 6 model 37 stepping 5, cmov, cx8, fxsr, mmx, sse, sse2, sse3, ssse3, sse4.1, sse4.2, popcnt, ht, tsc, tscinvbit

Memory: 4k page, physical 3987960k(752172k free), swap 3987960k(5680k free)

vm_info: Java HotSpot(TM) 64-Bit Server VM (24.79-b02) for windows-amd64 JRE (1.7.0_79-b15), built on Apr 10 2015 12:36:16 by "java_re" with unknown MS VC++:1600

time: Tue Mar 22 01:01:23 2016
elapsed time: 3 seconds

